<?xml version="1.0" encoding="UTF-8"?>
<!-- Generated by org.testng.reporters.JUnitXMLReporter -->
<testsuite ignored="0" hostname="Test-Device" failures="0" tests="8" name="Free CRM" time="61.173" errors="0" timestamp="2022-10-04T12:14:27 IST">
  <testcase classname="testFreeCRM.HomePageTest" name="titleTest" time="0.02"/>
  <testcase classname="testFreeCRM.HomePageTest" name="logoTest" time="0.594"/>
  <testcase classname="testFreeCRM.HomePageTest" name="companyNameTest" time="0.63"/>
  <testcase classname="testFreeCRM.HomePageTest" name="homeMoveTest" time="0.999"/>
  <testcase classname="testFreeCRM.HomePageTest" name="calenderMoveTest" time="1.054"/>
  <testcase classname="testFreeCRM.LoginPageTest" name="titleTest" time="0.009"/>
  <testcase classname="testFreeCRM.LoginPageTest" name="alllinkTest" time="1.041"/>
  <testcase classname="testFreeCRM.LoginPageTest" name="loginTest" time="0.316"/>
</testsuite> <!-- Free CRM -->
