<?xml version="1.0" encoding="UTF-8"?>
<!-- Generated by org.testng.reporters.JUnitXMLReporter -->
<testsuite ignored="0" hostname="Test-Device" failures="0" tests="7" name="Surefire test" time="101.599" errors="0" timestamp="2022-10-09T23:14:21 IST">
  <testcase classname="testFreeCRM.HomePageTest" name="titleTest" time="0.049"/>
  <testcase classname="testFreeCRM.HomePageTest" name="logoTest" time="2.25"/>
  <testcase classname="testFreeCRM.HomePageTest" name="companyNameTest" time="2.808"/>
  <testcase classname="testFreeCRM.HomePageTest" name="homeMoveTest" time="2.023"/>
  <testcase classname="testFreeCRM.LoginPageTest" name="titleTest" time="0.015"/>
  <testcase classname="testFreeCRM.LoginPageTest" name="alllinkTest" time="5.096"/>
  <testcase classname="testFreeCRM.LoginPageTest" name="loginTest" time="4.214"/>
</testsuite> <!-- Surefire test -->
