<?xml version="1.0" encoding="UTF-8"?>
<testng-results ignored="0" total="7" passed="6" failed="1" skipped="0">
  <reporter-output>
  </reporter-output>
  <suite started-at="2022-10-10T23:47:25 IST" name="Surefire suite" finished-at="2022-10-10T23:49:00 IST" duration-ms="95248">
    <groups>
    </groups>
    <test started-at="2022-10-10T23:47:25 IST" name="Surefire test" finished-at="2022-10-10T23:49:00 IST" duration-ms="95248">
      <class name="testFreeCRM.LoginPageTest">
        <test-method is-config="true" signature="setup()[pri:0, instance:testFreeCRM.LoginPageTest@61dd025]" started-at="2022-10-10T23:48:34 IST" name="setup" finished-at="2022-10-10T23:48:37 IST" duration-ms="2392" status="PASS">
          <reporter-output>
          </reporter-output>
        </test-method> <!-- setup -->
        <test-method signature="titleTest()[pri:1, instance:testFreeCRM.LoginPageTest@61dd025]" started-at="2022-10-10T23:48:37 IST" name="titleTest" finished-at="2022-10-10T23:48:37 IST" duration-ms="16" status="PASS">
          <reporter-output>
          </reporter-output>
        </test-method> <!-- titleTest -->
        <test-method is-config="true" signature="broswrclose()[pri:0, instance:testFreeCRM.LoginPageTest@61dd025]" started-at="2022-10-10T23:48:37 IST" name="broswrclose" finished-at="2022-10-10T23:48:40 IST" duration-ms="3347" status="PASS">
          <reporter-output>
          </reporter-output>
        </test-method> <!-- broswrclose -->
        <test-method is-config="true" signature="setup()[pri:0, instance:testFreeCRM.LoginPageTest@61dd025]" started-at="2022-10-10T23:48:40 IST" name="setup" finished-at="2022-10-10T23:48:42 IST" duration-ms="2515" status="PASS">
          <reporter-output>
          </reporter-output>
        </test-method> <!-- setup -->
        <test-method signature="alllinkTest()[pri:3, instance:testFreeCRM.LoginPageTest@61dd025]" started-at="2022-10-10T23:48:42 IST" name="alllinkTest" finished-at="2022-10-10T23:48:47 IST" duration-ms="4624" status="PASS">
          <reporter-output>
          </reporter-output>
        </test-method> <!-- alllinkTest -->
        <test-method is-config="true" signature="broswrclose()[pri:0, instance:testFreeCRM.LoginPageTest@61dd025]" started-at="2022-10-10T23:48:47 IST" name="broswrclose" finished-at="2022-10-10T23:48:50 IST" duration-ms="3305" status="PASS">
          <reporter-output>
          </reporter-output>
        </test-method> <!-- broswrclose -->
        <test-method is-config="true" signature="setup()[pri:0, instance:testFreeCRM.LoginPageTest@61dd025]" started-at="2022-10-10T23:48:50 IST" name="setup" finished-at="2022-10-10T23:48:52 IST" duration-ms="1755" status="PASS">
          <reporter-output>
          </reporter-output>
        </test-method> <!-- setup -->
        <test-method signature="loginTest()[pri:3, instance:testFreeCRM.LoginPageTest@61dd025]" started-at="2022-10-10T23:48:52 IST" name="loginTest" finished-at="2022-10-10T23:48:57 IST" duration-ms="4528" status="PASS">
          <reporter-output>
          </reporter-output>
        </test-method> <!-- loginTest -->
        <test-method is-config="true" signature="broswrclose()[pri:0, instance:testFreeCRM.LoginPageTest@61dd025]" started-at="2022-10-10T23:48:57 IST" name="broswrclose" finished-at="2022-10-10T23:49:00 IST" duration-ms="3233" status="PASS">
          <reporter-output>
          </reporter-output>
        </test-method> <!-- broswrclose -->
      </class> <!-- testFreeCRM.LoginPageTest -->
      <class name="testFreeCRM.HomePageTest">
        <test-method is-config="true" signature="setup()[pri:0, instance:testFreeCRM.HomePageTest@147ed70f]" started-at="2022-10-10T23:47:25 IST" name="setup" finished-at="2022-10-10T23:47:35 IST" duration-ms="9850" status="PASS">
          <reporter-output>
          </reporter-output>
        </test-method> <!-- setup -->
        <test-method signature="titleTest()[pri:1, instance:testFreeCRM.HomePageTest@147ed70f]" started-at="2022-10-10T23:47:35 IST" name="titleTest" finished-at="2022-10-10T23:47:35 IST" duration-ms="28" status="PASS">
          <reporter-output>
          </reporter-output>
        </test-method> <!-- titleTest -->
        <test-method is-config="true" signature="browserclosed()[pri:0, instance:testFreeCRM.HomePageTest@147ed70f]" started-at="2022-10-10T23:47:35 IST" name="browserclosed" finished-at="2022-10-10T23:47:38 IST" duration-ms="3423" status="PASS">
          <reporter-output>
          </reporter-output>
        </test-method> <!-- browserclosed -->
        <test-method is-config="true" signature="setup()[pri:0, instance:testFreeCRM.HomePageTest@147ed70f]" started-at="2022-10-10T23:47:38 IST" name="setup" finished-at="2022-10-10T23:47:44 IST" duration-ms="5620" status="PASS">
          <reporter-output>
          </reporter-output>
        </test-method> <!-- setup -->
        <test-method signature="logoTest()[pri:2, instance:testFreeCRM.HomePageTest@147ed70f]" started-at="2022-10-10T23:47:44 IST" name="logoTest" finished-at="2022-10-10T23:47:45 IST" duration-ms="1029" status="PASS">
          <reporter-output>
          </reporter-output>
        </test-method> <!-- logoTest -->
        <test-method is-config="true" signature="browserclosed()[pri:0, instance:testFreeCRM.HomePageTest@147ed70f]" started-at="2022-10-10T23:47:45 IST" name="browserclosed" finished-at="2022-10-10T23:47:48 IST" duration-ms="3364" status="PASS">
          <reporter-output>
          </reporter-output>
        </test-method> <!-- browserclosed -->
        <test-method is-config="true" signature="setup()[pri:0, instance:testFreeCRM.HomePageTest@147ed70f]" started-at="2022-10-10T23:47:48 IST" name="setup" finished-at="2022-10-10T23:47:57 IST" duration-ms="8995" status="PASS">
          <reporter-output>
          </reporter-output>
        </test-method> <!-- setup -->
        <test-method signature="companyNameTest()[pri:3, instance:testFreeCRM.HomePageTest@147ed70f]" started-at="2022-10-10T23:47:57 IST" name="companyNameTest" finished-at="2022-10-10T23:48:17 IST" duration-ms="20278" status="FAIL">
          <exception class="org.openqa.selenium.NoSuchElementException">
            <message>
              <![CDATA[no such element: Unable to locate element: {"method":"xpath","selector":"//b[normalize-space()='BASETTI INDIA PVT LTD']"}
  (Session info: chrome=106.0.5249.103)
For documentation on this error, please visit: https://selenium.dev/exceptions/#no_such_element
Build info: version: '4.4.0', revision: 'e5c75ed026a'
System info: host: 'TEST-DEVICE', ip: '192.168.0.100', os.name: 'Windows 11', os.arch: 'amd64', os.version: '10.0', java.version: '17.0.4.1'
Driver info: org.openqa.selenium.chrome.ChromeDriver
Command: [26b7a6dd0e910d1a8792e518ea90634d, findElement {using=xpath, value=//b[normalize-space()='BASETTI INDIA PVT LTD']}]
Capabilities {acceptInsecureCerts: false, browserName: chrome, browserVersion: 106.0.5249.103, chrome: {chromedriverVersion: 106.0.5249.61 (511755355844..., userDataDir: C:\WINDOWS\TEMP\scoped_dir2...}, goog:chromeOptions: {debuggerAddress: localhost:11786}, networkConnectionEnabled: false, pageLoadStrategy: normal, platformName: WINDOWS, proxy: Proxy(), se:cdp: ws://localhost:11786/devtoo..., se:cdpVersion: 106.0.5249.103, setWindowRect: true, strictFileInteractability: false, timeouts: {implicit: 0, pageLoad: 300000, script: 30000}, unhandledPromptBehavior: dismiss and notify, webauthn:extension:credBlob: true, webauthn:extension:largeBlob: true, webauthn:virtualAuthenticators: true}
Session ID: 26b7a6dd0e910d1a8792e518ea90634d]]>
            </message>
            <full-stacktrace>
              <![CDATA[org.openqa.selenium.NoSuchElementException: no such element: Unable to locate element: {"method":"xpath","selector":"//b[normalize-space()='BASETTI INDIA PVT LTD']"}
  (Session info: chrome=106.0.5249.103)
For documentation on this error, please visit: https://selenium.dev/exceptions/#no_such_element
Build info: version: '4.4.0', revision: 'e5c75ed026a'
System info: host: 'TEST-DEVICE', ip: '192.168.0.100', os.name: 'Windows 11', os.arch: 'amd64', os.version: '10.0', java.version: '17.0.4.1'
Driver info: org.openqa.selenium.chrome.ChromeDriver
Command: [26b7a6dd0e910d1a8792e518ea90634d, findElement {using=xpath, value=//b[normalize-space()='BASETTI INDIA PVT LTD']}]
Capabilities {acceptInsecureCerts: false, browserName: chrome, browserVersion: 106.0.5249.103, chrome: {chromedriverVersion: 106.0.5249.61 (511755355844..., userDataDir: C:\WINDOWS\TEMP\scoped_dir2...}, goog:chromeOptions: {debuggerAddress: localhost:11786}, networkConnectionEnabled: false, pageLoadStrategy: normal, platformName: WINDOWS, proxy: Proxy(), se:cdp: ws://localhost:11786/devtoo..., se:cdpVersion: 106.0.5249.103, setWindowRect: true, strictFileInteractability: false, timeouts: {implicit: 0, pageLoad: 300000, script: 30000}, unhandledPromptBehavior: dismiss and notify, webauthn:extension:credBlob: true, webauthn:extension:largeBlob: true, webauthn:virtualAuthenticators: true}
Session ID: 26b7a6dd0e910d1a8792e518ea90634d
at java.base/jdk.internal.reflect.NativeConstructorAccessorImpl.newInstance0(Native Method)
at java.base/jdk.internal.reflect.NativeConstructorAccessorImpl.newInstance(NativeConstructorAccessorImpl.java:77)
at java.base/jdk.internal.reflect.DelegatingConstructorAccessorImpl.newInstance(DelegatingConstructorAccessorImpl.java:45)
at java.base/java.lang.reflect.Constructor.newInstanceWithCaller(Constructor.java:499)
at java.base/java.lang.reflect.Constructor.newInstance(Constructor.java:480)
at org.openqa.selenium.remote.codec.w3c.W3CHttpResponseCodec.createException(W3CHttpResponseCodec.java:200)
at org.openqa.selenium.remote.codec.w3c.W3CHttpResponseCodec.decode(W3CHttpResponseCodec.java:133)
at org.openqa.selenium.remote.codec.w3c.W3CHttpResponseCodec.decode(W3CHttpResponseCodec.java:53)
at org.openqa.selenium.remote.HttpCommandExecutor.execute(HttpCommandExecutor.java:184)
at org.openqa.selenium.remote.service.DriverCommandExecutor.invokeExecute(DriverCommandExecutor.java:167)
at org.openqa.selenium.remote.service.DriverCommandExecutor.execute(DriverCommandExecutor.java:142)
at org.openqa.selenium.remote.RemoteWebDriver.execute(RemoteWebDriver.java:547)
at org.openqa.selenium.remote.ElementLocation$ElementFinder$2.findElement(ElementLocation.java:162)
at org.openqa.selenium.remote.ElementLocation.findElement(ElementLocation.java:60)
at org.openqa.selenium.remote.RemoteWebDriver.findElement(RemoteWebDriver.java:365)
at org.openqa.selenium.remote.RemoteWebDriver.findElement(RemoteWebDriver.java:357)
at java.base/jdk.internal.reflect.NativeMethodAccessorImpl.invoke0(Native Method)
at java.base/jdk.internal.reflect.NativeMethodAccessorImpl.invoke(NativeMethodAccessorImpl.java:77)
at java.base/jdk.internal.reflect.DelegatingMethodAccessorImpl.invoke(DelegatingMethodAccessorImpl.java:43)
at java.base/java.lang.reflect.Method.invoke(Method.java:568)
at org.openqa.selenium.support.events.EventFiringWebDriver.lambda$new$1(EventFiringWebDriver.java:105)
at jdk.proxy2/jdk.proxy2.$Proxy11.findElement(Unknown Source)
at org.openqa.selenium.support.events.EventFiringWebDriver.findElement(EventFiringWebDriver.java:194)
at org.openqa.selenium.support.pagefactory.DefaultElementLocator.findElement(DefaultElementLocator.java:70)
at org.openqa.selenium.support.pagefactory.internal.LocatingElementHandler.invoke(LocatingElementHandler.java:39)
at jdk.proxy2/jdk.proxy2.$Proxy15.getText(Unknown Source)
at pages.HomePage.companyName(HomePage.java:77)
at testFreeCRM.HomePageTest.companyNameTest(HomePageTest.java:40)
at java.base/jdk.internal.reflect.NativeMethodAccessorImpl.invoke0(Native Method)
at java.base/jdk.internal.reflect.NativeMethodAccessorImpl.invoke(NativeMethodAccessorImpl.java:77)
at java.base/jdk.internal.reflect.DelegatingMethodAccessorImpl.invoke(DelegatingMethodAccessorImpl.java:43)
at java.base/java.lang.reflect.Method.invoke(Method.java:568)
at org.testng.internal.invokers.MethodInvocationHelper.invokeMethod(MethodInvocationHelper.java:139)
at org.testng.internal.invokers.TestInvoker.invokeMethod(TestInvoker.java:677)
at org.testng.internal.invokers.TestInvoker.invokeTestMethod(TestInvoker.java:221)
at org.testng.internal.invokers.MethodRunner.runInSequence(MethodRunner.java:50)
at org.testng.internal.invokers.TestInvoker$MethodInvocationAgent.invoke(TestInvoker.java:962)
at org.testng.internal.invokers.TestInvoker.invokeTestMethods(TestInvoker.java:194)
at org.testng.internal.invokers.TestMethodWorker.invokeTestMethods(TestMethodWorker.java:148)
at org.testng.internal.invokers.TestMethodWorker.run(TestMethodWorker.java:128)
at java.base/java.util.ArrayList.forEach(ArrayList.java:1511)
at org.testng.TestRunner.privateRun(TestRunner.java:806)
at org.testng.TestRunner.run(TestRunner.java:601)
at org.testng.SuiteRunner.runTest(SuiteRunner.java:433)
at org.testng.SuiteRunner.runSequentially(SuiteRunner.java:427)
at org.testng.SuiteRunner.privateRun(SuiteRunner.java:387)
at org.testng.SuiteRunner.run(SuiteRunner.java:330)
at org.testng.SuiteRunnerWorker.runSuite(SuiteRunnerWorker.java:52)
at org.testng.SuiteRunnerWorker.run(SuiteRunnerWorker.java:95)
at org.testng.TestNG.runSuitesSequentially(TestNG.java:1256)
at org.testng.TestNG.runSuitesLocally(TestNG.java:1176)
at org.testng.TestNG.runSuites(TestNG.java:1099)
at org.testng.TestNG.run(TestNG.java:1067)
at org.apache.maven.surefire.testng.TestNGExecutor.run(TestNGExecutor.java:135)
at org.apache.maven.surefire.testng.TestNGDirectoryTestSuite.executeMulti(TestNGDirectoryTestSuite.java:193)
at org.apache.maven.surefire.testng.TestNGDirectoryTestSuite.execute(TestNGDirectoryTestSuite.java:94)
at org.apache.maven.surefire.testng.TestNGProvider.invoke(TestNGProvider.java:146)
at org.apache.maven.surefire.booter.ForkedBooter.invokeProviderInSameClassLoader(ForkedBooter.java:384)
at org.apache.maven.surefire.booter.ForkedBooter.runSuitesInProcess(ForkedBooter.java:345)
at org.apache.maven.surefire.booter.ForkedBooter.execute(ForkedBooter.java:126)
at org.apache.maven.surefire.booter.ForkedBooter.main(ForkedBooter.java:418)
]]>
            </full-stacktrace>
          </exception> <!-- org.openqa.selenium.NoSuchElementException -->
          <reporter-output>
          </reporter-output>
        </test-method> <!-- companyNameTest -->
        <test-method is-config="true" signature="browserclosed()[pri:0, instance:testFreeCRM.HomePageTest@147ed70f]" started-at="2022-10-10T23:48:17 IST" name="browserclosed" finished-at="2022-10-10T23:48:21 IST" duration-ms="3446" status="PASS">
          <reporter-output>
          </reporter-output>
        </test-method> <!-- browserclosed -->
        <test-method is-config="true" signature="setup()[pri:0, instance:testFreeCRM.HomePageTest@147ed70f]" started-at="2022-10-10T23:48:21 IST" name="setup" finished-at="2022-10-10T23:48:30 IST" duration-ms="8747" status="PASS">
          <reporter-output>
          </reporter-output>
        </test-method> <!-- setup -->
        <test-method signature="homeMoveTest()[pri:4, instance:testFreeCRM.HomePageTest@147ed70f]" started-at="2022-10-10T23:48:30 IST" name="homeMoveTest" finished-at="2022-10-10T23:48:31 IST" duration-ms="1043" status="PASS">
          <reporter-output>
          </reporter-output>
        </test-method> <!-- homeMoveTest -->
        <test-method is-config="true" signature="browserclosed()[pri:0, instance:testFreeCRM.HomePageTest@147ed70f]" started-at="2022-10-10T23:48:31 IST" name="browserclosed" finished-at="2022-10-10T23:48:34 IST" duration-ms="3531" status="PASS">
          <reporter-output>
          </reporter-output>
        </test-method> <!-- browserclosed -->
      </class> <!-- testFreeCRM.HomePageTest -->
    </test> <!-- Surefire test -->
  </suite> <!-- Surefire suite -->
</testng-results>
