<?xml version="1.0" encoding="UTF-8"?>
<testng-results ignored="0" total="7" passed="7" failed="0" skipped="0">
  <reporter-output>
  </reporter-output>
  <suite started-at="2022-10-09T23:12:40 IST" name="Surefire suite" finished-at="2022-10-09T23:14:21 IST" duration-ms="101599">
    <groups>
    </groups>
    <test started-at="2022-10-09T23:12:40 IST" name="Surefire test" finished-at="2022-10-09T23:14:21 IST" duration-ms="101599">
      <class name="testFreeCRM.LoginPageTest">
        <test-method is-config="true" signature="setup()[pri:0, instance:testFreeCRM.LoginPageTest@7219ec67]" started-at="2022-10-09T23:13:51 IST" name="setup" finished-at="2022-10-09T23:13:55 IST" duration-ms="3902" status="PASS">
          <reporter-output>
          </reporter-output>
        </test-method> <!-- setup -->
        <test-method signature="titleTest()[pri:1, instance:testFreeCRM.LoginPageTest@7219ec67]" started-at="2022-10-09T23:13:55 IST" name="titleTest" finished-at="2022-10-09T23:13:55 IST" duration-ms="15" status="PASS">
          <reporter-output>
          </reporter-output>
        </test-method> <!-- titleTest -->
        <test-method is-config="true" signature="broswrclose()[pri:0, instance:testFreeCRM.LoginPageTest@7219ec67]" started-at="2022-10-09T23:13:55 IST" name="broswrclose" finished-at="2022-10-09T23:13:58 IST" duration-ms="3255" status="PASS">
          <reporter-output>
          </reporter-output>
        </test-method> <!-- broswrclose -->
        <test-method is-config="true" signature="setup()[pri:0, instance:testFreeCRM.LoginPageTest@7219ec67]" started-at="2022-10-09T23:13:58 IST" name="setup" finished-at="2022-10-09T23:14:02 IST" duration-ms="3542" status="PASS">
          <reporter-output>
          </reporter-output>
        </test-method> <!-- setup -->
        <test-method signature="alllinkTest()[pri:3, instance:testFreeCRM.LoginPageTest@7219ec67]" started-at="2022-10-09T23:14:02 IST" name="alllinkTest" finished-at="2022-10-09T23:14:07 IST" duration-ms="5096" status="PASS">
          <reporter-output>
          </reporter-output>
        </test-method> <!-- alllinkTest -->
        <test-method is-config="true" signature="broswrclose()[pri:0, instance:testFreeCRM.LoginPageTest@7219ec67]" started-at="2022-10-09T23:14:07 IST" name="broswrclose" finished-at="2022-10-09T23:14:10 IST" duration-ms="3259" status="PASS">
          <reporter-output>
          </reporter-output>
        </test-method> <!-- broswrclose -->
        <test-method is-config="true" signature="setup()[pri:0, instance:testFreeCRM.LoginPageTest@7219ec67]" started-at="2022-10-09T23:14:10 IST" name="setup" finished-at="2022-10-09T23:14:14 IST" duration-ms="3651" status="PASS">
          <reporter-output>
          </reporter-output>
        </test-method> <!-- setup -->
        <test-method signature="loginTest()[pri:3, instance:testFreeCRM.LoginPageTest@7219ec67]" started-at="2022-10-09T23:14:14 IST" name="loginTest" finished-at="2022-10-09T23:14:18 IST" duration-ms="4214" status="PASS">
          <reporter-output>
          </reporter-output>
        </test-method> <!-- loginTest -->
        <test-method is-config="true" signature="broswrclose()[pri:0, instance:testFreeCRM.LoginPageTest@7219ec67]" started-at="2022-10-09T23:14:18 IST" name="broswrclose" finished-at="2022-10-09T23:14:21 IST" duration-ms="3264" status="PASS">
          <reporter-output>
          </reporter-output>
        </test-method> <!-- broswrclose -->
      </class> <!-- testFreeCRM.LoginPageTest -->
      <class name="testFreeCRM.HomePageTest">
        <test-method is-config="true" signature="setup()[pri:0, instance:testFreeCRM.HomePageTest@7b227d8d]" started-at="2022-10-09T23:12:41 IST" name="setup" finished-at="2022-10-09T23:13:07 IST" duration-ms="25919" status="PASS">
          <reporter-output>
          </reporter-output>
        </test-method> <!-- setup -->
        <test-method signature="titleTest()[pri:1, instance:testFreeCRM.HomePageTest@7b227d8d]" started-at="2022-10-09T23:13:07 IST" name="titleTest" finished-at="2022-10-09T23:13:07 IST" duration-ms="49" status="PASS">
          <reporter-output>
          </reporter-output>
        </test-method> <!-- titleTest -->
        <test-method is-config="true" signature="browserclosed()[pri:0, instance:testFreeCRM.HomePageTest@7b227d8d]" started-at="2022-10-09T23:13:07 IST" name="browserclosed" finished-at="2022-10-09T23:13:10 IST" duration-ms="3438" status="PASS">
          <reporter-output>
          </reporter-output>
        </test-method> <!-- browserclosed -->
        <test-method is-config="true" signature="setup()[pri:0, instance:testFreeCRM.HomePageTest@7b227d8d]" started-at="2022-10-09T23:13:10 IST" name="setup" finished-at="2022-10-09T23:13:19 IST" duration-ms="8757" status="PASS">
          <reporter-output>
          </reporter-output>
        </test-method> <!-- setup -->
        <test-method signature="logoTest()[pri:2, instance:testFreeCRM.HomePageTest@7b227d8d]" started-at="2022-10-09T23:13:19 IST" name="logoTest" finished-at="2022-10-09T23:13:21 IST" duration-ms="2250" status="PASS">
          <reporter-output>
          </reporter-output>
        </test-method> <!-- logoTest -->
        <test-method is-config="true" signature="browserclosed()[pri:0, instance:testFreeCRM.HomePageTest@7b227d8d]" started-at="2022-10-09T23:13:21 IST" name="browserclosed" finished-at="2022-10-09T23:13:24 IST" duration-ms="3274" status="PASS">
          <reporter-output>
          </reporter-output>
        </test-method> <!-- browserclosed -->
        <test-method is-config="true" signature="setup()[pri:0, instance:testFreeCRM.HomePageTest@7b227d8d]" started-at="2022-10-09T23:13:24 IST" name="setup" finished-at="2022-10-09T23:13:32 IST" duration-ms="7862" status="PASS">
          <reporter-output>
          </reporter-output>
        </test-method> <!-- setup -->
        <test-method signature="companyNameTest()[pri:3, instance:testFreeCRM.HomePageTest@7b227d8d]" started-at="2022-10-09T23:13:32 IST" name="companyNameTest" finished-at="2022-10-09T23:13:35 IST" duration-ms="2808" status="PASS">
          <reporter-output>
          </reporter-output>
        </test-method> <!-- companyNameTest -->
        <test-method is-config="true" signature="browserclosed()[pri:0, instance:testFreeCRM.HomePageTest@7b227d8d]" started-at="2022-10-09T23:13:35 IST" name="browserclosed" finished-at="2022-10-09T23:13:38 IST" duration-ms="3357" status="PASS">
          <reporter-output>
          </reporter-output>
        </test-method> <!-- browserclosed -->
        <test-method is-config="true" signature="setup()[pri:0, instance:testFreeCRM.HomePageTest@7b227d8d]" started-at="2022-10-09T23:13:38 IST" name="setup" finished-at="2022-10-09T23:13:46 IST" duration-ms="7388" status="PASS">
          <reporter-output>
          </reporter-output>
        </test-method> <!-- setup -->
        <test-method signature="homeMoveTest()[pri:4, instance:testFreeCRM.HomePageTest@7b227d8d]" started-at="2022-10-09T23:13:46 IST" name="homeMoveTest" finished-at="2022-10-09T23:13:48 IST" duration-ms="2023" status="PASS">
          <reporter-output>
          </reporter-output>
        </test-method> <!-- homeMoveTest -->
        <test-method is-config="true" signature="browserclosed()[pri:0, instance:testFreeCRM.HomePageTest@7b227d8d]" started-at="2022-10-09T23:13:48 IST" name="browserclosed" finished-at="2022-10-09T23:13:51 IST" duration-ms="3200" status="PASS">
          <reporter-output>
          </reporter-output>
        </test-method> <!-- browserclosed -->
      </class> <!-- testFreeCRM.HomePageTest -->
    </test> <!-- Surefire test -->
  </suite> <!-- Surefire suite -->
</testng-results>
