<?xml version="1.0" encoding="UTF-8"?>
<testng-results ignored="0" total="1" passed="1" failed="0" skipped="0">
  <reporter-output>
  </reporter-output>
  <suite started-at="2022-10-08T19:30:42 IST" name="Default suite" finished-at="2022-10-08T19:30:58 IST" duration-ms="15367">
    <groups>
    </groups>
    <test started-at="2022-10-08T19:30:42 IST" name="Default test" finished-at="2022-10-08T19:30:58 IST" duration-ms="15367">
      <class name="testFreeCRM.CalenderTest">
        <test-method is-config="true" signature="setup()[pri:0, instance:testFreeCRM.CalenderTest@49139829]" started-at="2022-10-08T19:30:43 IST" name="setup" finished-at="2022-10-08T19:30:55 IST" duration-ms="12582" status="PASS">
          <reporter-output>
          </reporter-output>
        </test-method> <!-- setup -->
        <test-method signature="formattedMonthYear()[pri:0, instance:testFreeCRM.CalenderTest@49139829]" started-at="2022-10-08T19:30:55 IST" name="formattedMonthYear" finished-at="2022-10-08T19:30:57 IST" duration-ms="2301" status="PASS">
          <reporter-output>
          </reporter-output>
        </test-method> <!-- formattedMonthYear -->
        <test-method is-config="true" signature="closeBrowser()[pri:0, instance:testFreeCRM.CalenderTest@49139829]" started-at="2022-10-08T19:30:57 IST" name="closeBrowser" finished-at="2022-10-08T19:30:58 IST" duration-ms="382" status="PASS">
          <reporter-output>
          </reporter-output>
        </test-method> <!-- closeBrowser -->
      </class> <!-- testFreeCRM.CalenderTest -->
    </test> <!-- Default test -->
  </suite> <!-- Default suite -->
</testng-results>
